<?xml version="1.0" encoding="UTF-8"?>
<testsuite name="examples.features.signUp.SignUpRunner" tests="2" skipped="0" failures="0" errors="0" timestamp="2025-05-10T22:54:46" hostname="DESKTOP-PK8219C" time="0.81">
  <properties/>
  <testcase name="[1:12] REGISTRAR un nuevo CLIENTE EXITOSAMENTE" classname="examples.features.signUp.SignUpRunner" time="0.308"/>
  <testcase name="[2:27] Intentar REGISTRAR un CLIENTE EXISTENTE" classname="examples.features.signUp.SignUpRunner" time="0.501"/>
  <system-out><![CDATA[17:54:46.255 [Test worker] DEBUG com.intuit.karate.Suite - [config] classpath:karate-config.js
17:54:46.264 [Test worker] INFO  com.intuit.karate - karate.env system property was: null 
17:54:46.273 [Test worker] INFO  com.intuit.karate - [print] Dominio de Demo Blaze  https://api.demoblaze.com 
17:54:46.278 [Test worker] INFO  com.intuit.karate - [print] Se guardara el usuario con el username  davidSofkartg7ow 
17:54:46.282 [Test worker] DEBUG com.intuit.karate - request:
1 > POST https://api.demoblaze.com/signup
1 > Content-Type: application/json; charset=UTF-8
1 > Content-Length: 50
1 > Host: api.demoblaze.com
1 > Connection: Keep-Alive
1 > User-Agent: Apache-HttpClient/4.5.14 (Java/17.0.10)
1 > Accept-Encoding: gzip,deflate
{"username":"davidSofkartg7ow","password":"12345"}

17:54:46.561 [Test worker] DEBUG com.intuit.karate - response time in milliseconds: 278
1 < 200
1 < Content-Type: application/json
1 < X-Cloud-Trace-Context: 03db72efb9249b91466147760ae7c2e9
1 < Date: Sat, 10 May 2025 22:54:46 GMT
1 < Server: Google Frontend
1 < Content-Length: 3
""


17:54:46.571 [Test worker] INFO  com.intuit.karate - karate.env system property was: null 
17:54:46.576 [Test worker] INFO  com.intuit.karate - [print] Dominio de Demo Blaze  https://api.demoblaze.com 
17:54:46.578 [Test worker] DEBUG com.intuit.karate - request:
1 > POST https://api.demoblaze.com/signup
1 > Content-Type: application/json; charset=UTF-8
1 > Content-Length: 48
1 > Host: api.demoblaze.com
1 > Connection: Keep-Alive
1 > User-Agent: Apache-HttpClient/4.5.14 (Java/17.0.10)
1 > Accept-Encoding: gzip,deflate
{"username":"david3505Sokfa","password":"12345"}

17:54:46.820 [Test worker] DEBUG com.intuit.karate - response time in milliseconds: 240
1 < 200
1 < content-type: application/json
1 < vary: Accept-Encoding
1 < x-cloud-trace-context: 82a1eba3d65e79661b175d8625138839
1 < date: Sat, 10 May 2025 22:54:46 GMT
1 < server: Google Frontend
1 < Transfer-Encoding: chunked
{"errorMessage":"This user already exist."}


---------------------------------------------------------
feature: classpath:examples/features/signUp/signUp.feature
scenarios:  2 | passed:  2 | failed:  0 | time: 0,5509
---------------------------------------------------------

Karate version: 1.5.1
======================================================
elapsed:   0,72 | threads:    1 | thread time: 0,55 
features:     1 | skipped:    0 | efficiency: 0,76
scenarios:    2 | passed:     2 | failed: 0
======================================================

HTML report: (paste into browser to view) | Karate version: 1.5.1
file:///F:/Documentos/Karate/KarateDemoBlaze/build/karate-reports/karate-summary.html
===================================================================

]]></system-out>
  <system-err><![CDATA[]]></system-err>
</testsuite>
