<?xml version="1.0" encoding="UTF-8"?>
<testsuite name="examples.ExamplesTest" tests="1" skipped="0" failures="0" errors="0" timestamp="2025-05-10T21:58:46" hostname="DESKTOP-PK8219C" time="5.585">
  <properties/>
  <testcase name="testParallel()" classname="examples.ExamplesTest" time="5.585"/>
  <system-out><![CDATA[16:58:48.286 [Test worker] DEBUG com.intuit.karate.Suite - [config] classpath:karate-config.js
16:58:48.298 [Test worker] INFO  com.intuit.karate.Suite - backed up existing 'build\karate-reports' dir to: build\karate-reports_1746914328293
16:58:48.307 [Test worker] DEBUG com.intuit.karate.Suite - waiting for 2 features to complete
16:58:49.797 [pool-1-thread-2] INFO  com.intuit.karate - karate.env system property was: null 
16:58:49.797 [pool-1-thread-5] INFO  com.intuit.karate - karate.env system property was: null 
16:58:49.797 [pool-1-thread-3] INFO  com.intuit.karate - karate.env system property was: null 
16:58:49.797 [pool-1-thread-1] INFO  com.intuit.karate - karate.env system property was: null 
16:58:49.797 [pool-1-thread-4] INFO  com.intuit.karate - karate.env system property was: null 
16:58:49.936 [pool-1-thread-3] INFO  com.intuit.karate - [print] Dominio de Demo Blaze  https://api.demoblaze.com 
16:58:49.936 [pool-1-thread-2] INFO  com.intuit.karate - [print] Dominio de Demo Blaze  https://api.demoblaze.com 
16:58:49.936 [pool-1-thread-4] INFO  com.intuit.karate - [print] Dominio de Demo Blaze  https://api.demoblaze.com 
16:58:49.936 [pool-1-thread-5] INFO  com.intuit.karate - [print] Dominio de Demo Blaze  https://api.demoblaze.com 
16:58:49.937 [pool-1-thread-1] INFO  com.intuit.karate - [print] Dominio de Demo Blaze  https://api.demoblaze.com 
16:58:49.966 [pool-1-thread-4] INFO  com.intuit.karate - [print] Se guardara el usuario con el username  davidSofkafi882a 
16:58:50.255 [pool-1-thread-2] DEBUG com.intuit.karate - request:
1 > POST https://api.demoblaze.com/login
1 > Content-Type: application/json; charset=UTF-8
1 > Content-Length: 63
1 > Host: api.demoblaze.com
1 > Connection: Keep-Alive
1 > User-Agent: Apache-HttpClient/4.5.14 (Java/17.0.10)
1 > Accept-Encoding: gzip,deflate
{"username":"Panecillo3505SokfaInexistente","password":"12345"}

16:58:50.255 [pool-1-thread-1] DEBUG com.intuit.karate - request:
1 > POST https://api.demoblaze.com/login
1 > Content-Type: application/json; charset=UTF-8
1 > Content-Length: 51
1 > Host: api.demoblaze.com
1 > Connection: Keep-Alive
1 > User-Agent: Apache-HttpClient/4.5.14 (Java/17.0.10)
1 > Accept-Encoding: gzip,deflate
{"username":"david3505Sokfa","password":"MTIzNDU="}

16:58:50.255 [pool-1-thread-5] DEBUG com.intuit.karate - request:
1 > POST https://api.demoblaze.com/signup
1 > Content-Type: application/json; charset=UTF-8
1 > Content-Length: 48
1 > Host: api.demoblaze.com
1 > Connection: Keep-Alive
1 > User-Agent: Apache-HttpClient/4.5.14 (Java/17.0.10)
1 > Accept-Encoding: gzip,deflate
{"username":"david3505Sokfa","password":"12345"}

16:58:50.255 [pool-1-thread-4] DEBUG com.intuit.karate - request:
1 > POST https://api.demoblaze.com/signup
1 > Content-Type: application/json; charset=UTF-8
1 > Content-Length: 50
1 > Host: api.demoblaze.com
1 > Connection: Keep-Alive
1 > User-Agent: Apache-HttpClient/4.5.14 (Java/17.0.10)
1 > Accept-Encoding: gzip,deflate
{"username":"davidSofkafi882a","password":"12345"}

16:58:50.255 [pool-1-thread-3] DEBUG com.intuit.karate - request:
1 > POST https://api.demoblaze.com/login
1 > Content-Type: application/json; charset=UTF-8
1 > Content-Length: 48
1 > Host: api.demoblaze.com
1 > Connection: Keep-Alive
1 > User-Agent: Apache-HttpClient/4.5.14 (Java/17.0.10)
1 > Accept-Encoding: gzip,deflate
{"username":"david3505Sokfa","password":"56789"}

16:58:50.806 [pool-1-thread-5] DEBUG com.intuit.karate - response time in milliseconds: 548
1 < 200
1 < Content-Type: application/json
1 < Vary: Accept-Encoding
1 < X-Cloud-Trace-Context: 19907c98e2cae5ac7c508b79413d0d4f
1 < Date: Sat, 10 May 2025 21:58:48 GMT
1 < Server: Google Frontend
1 < Transfer-Encoding: chunked
{"errorMessage":"This user already exist."}


16:58:50.806 [pool-1-thread-2] DEBUG com.intuit.karate - response time in milliseconds: 548
1 < 200
1 < Content-Type: application/json
1 < Vary: Accept-Encoding
1 < X-Cloud-Trace-Context: 42395545da53f6a01dcce8b2ddf711af
1 < Date: Sat, 10 May 2025 21:58:48 GMT
1 < Server: Google Frontend
1 < Transfer-Encoding: chunked
{"errorMessage":"User does not exist."}


16:58:50.819 [pool-1-thread-1] DEBUG com.intuit.karate - response time in milliseconds: 562
1 < 200
1 < Content-Type: application/json
1 < Vary: Accept-Encoding
1 < X-Cloud-Trace-Context: 93b13adf1a3946e82b962d853a3c2ca1;o=1
1 < Date: Sat, 10 May 2025 21:58:48 GMT
1 < Server: Google Frontend
1 < Transfer-Encoding: chunked
"Auth_token: ZGF2aWQzNTA1U29rZmExNzQ3NTE0"


16:58:50.828 [pool-1-thread-3] DEBUG com.intuit.karate - response time in milliseconds: 570
1 < 200
1 < Content-Type: application/json
1 < Vary: Accept-Encoding
1 < X-Cloud-Trace-Context: a8725529207cd27190f5e30b2a7da0cf
1 < Date: Sat, 10 May 2025 21:58:48 GMT
1 < Server: Google Frontend
1 < Transfer-Encoding: chunked
{"errorMessage":"Wrong password."}


16:58:50.888 [pool-1-thread-4] DEBUG com.intuit.karate - response time in milliseconds: 631
1 < 200
1 < content-type: application/json
1 < x-cloud-trace-context: 8b07868d5424ab64eca51f1fa006c539
1 < date: Sat, 10 May 2025 21:58:48 GMT
1 < server: Google Frontend
1 < Content-Length: 3
""


---------------------------------------------------------
feature: classpath:examples/features/login/login.feature
scenarios:  3 | passed:  3 | failed:  0 | time: 3,0563
---------------------------------------------------------

16:58:51.953 [pool-2-thread-1] INFO  com.intuit.karate.Suite - <<pass>> feature 1 of 2 (1 remaining) classpath:examples/features/login/login.feature
---------------------------------------------------------
feature: classpath:examples/features/signUp/signUp.feature
scenarios:  2 | passed:  2 | failed:  0 | time: 2,0701
---------------------------------------------------------

16:58:52.201 [pool-2-thread-1] INFO  com.intuit.karate.Suite - <<pass>> feature 2 of 2 (0 remaining) classpath:examples/features/signUp/signUp.feature
Karate version: 1.5.1
======================================================
elapsed:   4,96 | threads:    5 | thread time: 5,13 
features:     2 | skipped:    0 | efficiency: 0,21
scenarios:    5 | passed:     5 | failed: 0
======================================================

HTML report: (paste into browser to view) | Karate version: 1.5.1
file:///F:/Documentos/Karate/KarateDemoBlaze/build/karate-reports/karate-summary.html
===================================================================

]]></system-out>
  <system-err><![CDATA[]]></system-err>
</testsuite>
