<?xml version="1.0" encoding="UTF-8"?>
<testsuite name="examples.ExamplesTest" tests="1" skipped="0" failures="0" errors="0" timestamp="2025-05-10T22:54:36" hostname="DESKTOP-PK8219C" time="8.457">
  <properties/>
  <testcase name="testParallel()" classname="examples.ExamplesTest" time="8.457"/>
  <system-out><![CDATA[17:54:38.597 [Test worker] DEBUG com.intuit.karate.Suite - [config] classpath:karate-config.js
17:54:38.626 [Test worker] DEBUG com.intuit.karate.Suite - waiting for 2 features to complete
17:54:41.825 [pool-1-thread-2] INFO  com.intuit.karate - karate.env system property was: null 
17:54:41.825 [pool-1-thread-4] INFO  com.intuit.karate - karate.env system property was: null 
17:54:41.825 [pool-1-thread-3] INFO  com.intuit.karate - karate.env system property was: null 
17:54:41.825 [pool-1-thread-5] INFO  com.intuit.karate - karate.env system property was: null 
17:54:41.825 [pool-1-thread-1] INFO  com.intuit.karate - karate.env system property was: null 
17:54:41.970 [pool-1-thread-3] INFO  com.intuit.karate - [print] Dominio de Demo Blaze  https://api.demoblaze.com 
17:54:41.971 [pool-1-thread-4] INFO  com.intuit.karate - [print] Dominio de Demo Blaze  https://api.demoblaze.com 
17:54:41.970 [pool-1-thread-1] INFO  com.intuit.karate - [print] Dominio de Demo Blaze  https://api.demoblaze.com 
17:54:41.971 [pool-1-thread-2] INFO  com.intuit.karate - [print] Dominio de Demo Blaze  https://api.demoblaze.com 
17:54:41.971 [pool-1-thread-5] INFO  com.intuit.karate - [print] Dominio de Demo Blaze  https://api.demoblaze.com 
17:54:42.073 [pool-1-thread-4] INFO  com.intuit.karate - [print] Se guardara el usuario con el username  davidSofkap2jk5n 
17:54:42.570 [pool-1-thread-2] DEBUG com.intuit.karate - request:
1 > POST https://api.demoblaze.com/login
1 > Content-Type: application/json; charset=UTF-8
1 > Content-Length: 63
1 > Host: api.demoblaze.com
1 > Connection: Keep-Alive
1 > User-Agent: Apache-HttpClient/4.5.14 (Java/17.0.10)
1 > Accept-Encoding: gzip,deflate
{"username":"Panecillo3505SokfaInexistente","password":"12345"}

17:54:42.570 [pool-1-thread-1] DEBUG com.intuit.karate - request:
1 > POST https://api.demoblaze.com/login
1 > Content-Type: application/json; charset=UTF-8
1 > Content-Length: 51
1 > Host: api.demoblaze.com
1 > Connection: Keep-Alive
1 > User-Agent: Apache-HttpClient/4.5.14 (Java/17.0.10)
1 > Accept-Encoding: gzip,deflate
{"username":"david3505Sokfa","password":"MTIzNDU="}

17:54:42.570 [pool-1-thread-5] DEBUG com.intuit.karate - request:
1 > POST https://api.demoblaze.com/signup
1 > Content-Type: application/json; charset=UTF-8
1 > Content-Length: 48
1 > Host: api.demoblaze.com
1 > Connection: Keep-Alive
1 > User-Agent: Apache-HttpClient/4.5.14 (Java/17.0.10)
1 > Accept-Encoding: gzip,deflate
{"username":"david3505Sokfa","password":"12345"}

17:54:42.570 [pool-1-thread-4] DEBUG com.intuit.karate - request:
1 > POST https://api.demoblaze.com/signup
1 > Content-Type: application/json; charset=UTF-8
1 > Content-Length: 50
1 > Host: api.demoblaze.com
1 > Connection: Keep-Alive
1 > User-Agent: Apache-HttpClient/4.5.14 (Java/17.0.10)
1 > Accept-Encoding: gzip,deflate
{"username":"davidSofkap2jk5n","password":"12345"}

17:54:42.570 [pool-1-thread-3] DEBUG com.intuit.karate - request:
1 > POST https://api.demoblaze.com/login
1 > Content-Type: application/json; charset=UTF-8
1 > Content-Length: 48
1 > Host: api.demoblaze.com
1 > Connection: Keep-Alive
1 > User-Agent: Apache-HttpClient/4.5.14 (Java/17.0.10)
1 > Accept-Encoding: gzip,deflate
{"username":"david3505Sokfa","password":"56789"}

17:54:43.265 [pool-1-thread-5] DEBUG com.intuit.karate - response time in milliseconds: 689
1 < 200
1 < Content-Type: application/json
1 < Vary: Accept-Encoding
1 < X-Cloud-Trace-Context: e6c40d10d159b6ef43b952e5706ad409
1 < Date: Sat, 10 May 2025 22:54:43 GMT
1 < Server: Google Frontend
1 < Transfer-Encoding: chunked
{"errorMessage":"This user already exist."}


17:54:43.265 [pool-1-thread-2] DEBUG com.intuit.karate - response time in milliseconds: 690
1 < 200
1 < Content-Type: application/json
1 < Vary: Accept-Encoding
1 < X-Cloud-Trace-Context: 793a53c83b0f81a977c9c7806398de48
1 < Date: Sat, 10 May 2025 22:54:43 GMT
1 < Server: Google Frontend
1 < Transfer-Encoding: chunked
{"errorMessage":"User does not exist."}


17:54:43.268 [pool-1-thread-3] DEBUG com.intuit.karate - response time in milliseconds: 694
1 < 200
1 < content-type: application/json
1 < vary: Accept-Encoding
1 < x-cloud-trace-context: c5aec12a9263961dba88aaf24bea5a61
1 < date: Sat, 10 May 2025 22:54:43 GMT
1 < server: Google Frontend
1 < Transfer-Encoding: chunked
{"errorMessage":"Wrong password."}


17:54:43.301 [pool-1-thread-1] DEBUG com.intuit.karate - response time in milliseconds: 730
1 < 200
1 < Content-Type: application/json
1 < Vary: Accept-Encoding
1 < X-Cloud-Trace-Context: 6f1e854fe30b2f45ea74b1f532732427
1 < Date: Sat, 10 May 2025 22:54:43 GMT
1 < Server: Google Frontend
1 < Transfer-Encoding: chunked
"Auth_token: ZGF2aWQzNTA1U29rZmExNzQ3NTE3"


17:54:43.310 [pool-1-thread-4] DEBUG com.intuit.karate - response time in milliseconds: 737
1 < 200
1 < Content-Type: application/json
1 < X-Cloud-Trace-Context: 09bc48330684ae1b0b503d9583bd5560
1 < Date: Sat, 10 May 2025 22:54:43 GMT
1 < Server: Google Frontend
1 < Content-Length: 3
""


---------------------------------------------------------
feature: classpath:examples/features/login/login.feature
scenarios:  3 | passed:  3 | failed:  0 | time: 4,3461
---------------------------------------------------------

17:54:44.522 [pool-2-thread-1] INFO  com.intuit.karate.Suite - <<pass>> feature 1 of 2 (1 remaining) classpath:examples/features/login/login.feature
---------------------------------------------------------
feature: classpath:examples/features/signUp/signUp.feature
scenarios:  2 | passed:  2 | failed:  0 | time: 2,8988
---------------------------------------------------------

17:54:44.780 [pool-2-thread-1] INFO  com.intuit.karate.Suite - <<pass>> feature 2 of 2 (0 remaining) classpath:examples/features/signUp/signUp.feature
Karate version: 1.5.1
======================================================
elapsed:   7,51 | threads:    5 | thread time: 7,25 
features:     2 | skipped:    0 | efficiency: 0,19
scenarios:    5 | passed:     5 | failed: 0
======================================================

HTML report: (paste into browser to view) | Karate version: 1.5.1
file:///F:/Documentos/Karate/KarateDemoBlaze/build/karate-reports/karate-summary.html
===================================================================

]]></system-out>
  <system-err><![CDATA[]]></system-err>
</testsuite>
