<?xml version="1.0" encoding="UTF-8"?>
<testsuite name="examples.features.login.LoginRunner" tests="3" skipped="0" failures="0" errors="0" timestamp="2025-05-10T22:54:45" hostname="DESKTOP-PK8219C" time="1.182">
  <properties/>
  <testcase name="[1:11] LOGIN de un Cliente exitosamente con CREDENCIALES CORRECTAS" classname="examples.features.login.LoginRunner" time="0.307"/>
  <testcase name="[2:23] Intentar LOGIN de un Cliente con USERNAME que no EXISTE" classname="examples.features.login.LoginRunner" time="0.263"/>
  <testcase name="[3:37] Intentar LOGIN de un Cliente con CONTRASEÃ‘A INCORRECTA" classname="examples.features.login.LoginRunner" time="0.608"/>
  <system-out><![CDATA[17:54:45.049 [Test worker] DEBUG com.intuit.karate.Suite - [config] classpath:karate-config.js
17:54:45.075 [Test worker] INFO  com.intuit.karate - karate.env system property was: null 
17:54:45.084 [Test worker] INFO  com.intuit.karate - [print] Dominio de Demo Blaze  https://api.demoblaze.com 
17:54:45.089 [Test worker] DEBUG com.intuit.karate - request:
1 > POST https://api.demoblaze.com/login
1 > Content-Type: application/json; charset=UTF-8
1 > Content-Length: 51
1 > Host: api.demoblaze.com
1 > Connection: Keep-Alive
1 > User-Agent: Apache-HttpClient/4.5.14 (Java/17.0.10)
1 > Accept-Encoding: gzip,deflate
{"username":"david3505Sokfa","password":"MTIzNDU="}

17:54:45.366 [Test worker] DEBUG com.intuit.karate - response time in milliseconds: 275
1 < 200
1 < Content-Type: application/json
1 < Vary: Accept-Encoding
1 < X-Cloud-Trace-Context: 1def4d8f8eb49380fe1d1cf251eabaea
1 < Date: Sat, 10 May 2025 22:54:45 GMT
1 < Server: Google Frontend
1 < Transfer-Encoding: chunked
"Auth_token: ZGF2aWQzNTA1U29rZmExNzQ3NTE3"


17:54:45.381 [Test worker] INFO  com.intuit.karate - karate.env system property was: null 
17:54:45.385 [Test worker] INFO  com.intuit.karate - [print] Dominio de Demo Blaze  https://api.demoblaze.com 
17:54:45.389 [Test worker] DEBUG com.intuit.karate - request:
1 > POST https://api.demoblaze.com/login
1 > Content-Type: application/json; charset=UTF-8
1 > Content-Length: 63
1 > Host: api.demoblaze.com
1 > Connection: Keep-Alive
1 > User-Agent: Apache-HttpClient/4.5.14 (Java/17.0.10)
1 > Accept-Encoding: gzip,deflate
{"username":"Panecillo3505SokfaInexistente","password":"12345"}

17:54:45.634 [Test worker] DEBUG com.intuit.karate - response time in milliseconds: 243
1 < 200
1 < content-type: application/json
1 < vary: Accept-Encoding
1 < x-cloud-trace-context: 5c7e45a1a92bf81fc9c80cbca53526a0
1 < date: Sat, 10 May 2025 22:54:45 GMT
1 < server: Google Frontend
1 < Transfer-Encoding: chunked
{"errorMessage":"User does not exist."}


17:54:45.644 [Test worker] INFO  com.intuit.karate - karate.env system property was: null 
17:54:45.648 [Test worker] INFO  com.intuit.karate - [print] Dominio de Demo Blaze  https://api.demoblaze.com 
17:54:45.650 [Test worker] DEBUG com.intuit.karate - request:
1 > POST https://api.demoblaze.com/login
1 > Content-Type: application/json; charset=UTF-8
1 > Content-Length: 48
1 > Host: api.demoblaze.com
1 > Connection: Keep-Alive
1 > User-Agent: Apache-HttpClient/4.5.14 (Java/17.0.10)
1 > Accept-Encoding: gzip,deflate
{"username":"david3505Sokfa","password":"56789"}

17:54:45.882 [Test worker] DEBUG com.intuit.karate - response time in milliseconds: 230
1 < 200
1 < content-type: application/json
1 < vary: Accept-Encoding
1 < x-cloud-trace-context: e6b088bc632410b9afcd28d21434a31a
1 < date: Sat, 10 May 2025 22:54:45 GMT
1 < server: Google Frontend
1 < Transfer-Encoding: chunked
{"errorMessage":"Wrong password."}


---------------------------------------------------------
feature: classpath:examples/features/login/login.feature
scenarios:  3 | passed:  3 | failed:  0 | time: 0,7925
---------------------------------------------------------

Karate version: 1.5.1
======================================================
elapsed:   1,09 | threads:    1 | thread time: 0,79 
features:     1 | skipped:    0 | efficiency: 0,73
scenarios:    3 | passed:     3 | failed: 0
======================================================

HTML report: (paste into browser to view) | Karate version: 1.5.1
file:///F:/Documentos/Karate/KarateDemoBlaze/build/karate-reports/karate-summary.html
===================================================================

]]></system-out>
  <system-err><![CDATA[]]></system-err>
</testsuite>
